0 info it worked if it ends with ok
1 verbose cli [ '/usr/local/bin/node',
1 verbose cli   '/usr/local/bin/npm',
1 verbose cli   'install',
1 verbose cli   'jwt',
1 verbose cli   '--save' ]
2 info using npm@3.7.3
3 info using node@v5.8.0
4 silly loadCurrentTree Starting
5 silly install loadCurrentTree
6 silly install readLocalPackageData
7 silly fetchPackageMetaData jwt
8 silly fetchNamedPackageData jwt
9 silly mapToRegistry name jwt
10 silly mapToRegistry using default registry
11 silly mapToRegistry registry https://registry.npmjs.org/
12 silly mapToRegistry uri https://registry.npmjs.org/jwt
13 verbose request uri https://registry.npmjs.org/jwt
14 verbose request no auth needed
15 info attempt registry request try #1 at 4:26:28 PM
16 verbose request id 3739ab3e79f26f2a
17 verbose etag "6I5VRWEEUHMPDAEF6NYY7UQYC"
18 http request GET https://registry.npmjs.org/jwt
19 http 304 https://registry.npmjs.org/jwt
20 verbose headers { date: 'Mon, 11 Apr 2016 23:26:28 GMT',
20 verbose headers   via: '1.1 varnish',
20 verbose headers   'cache-control': 'max-age=300',
20 verbose headers   etag: '"6I5VRWEEUHMPDAEF6NYY7UQYC"',
20 verbose headers   age: '14',
20 verbose headers   connection: 'keep-alive',
20 verbose headers   'x-served-by': 'cache-ord1724-ORD',
20 verbose headers   'x-cache': 'HIT',
20 verbose headers   'x-cache-hits': '1',
20 verbose headers   'x-timer': 'S1460417188.517216,VS0,VE0',
20 verbose headers   vary: 'Accept-Encoding' }
21 silly get cb [ 304,
21 silly get   { date: 'Mon, 11 Apr 2016 23:26:28 GMT',
21 silly get     via: '1.1 varnish',
21 silly get     'cache-control': 'max-age=300',
21 silly get     etag: '"6I5VRWEEUHMPDAEF6NYY7UQYC"',
21 silly get     age: '14',
21 silly get     connection: 'keep-alive',
21 silly get     'x-served-by': 'cache-ord1724-ORD',
21 silly get     'x-cache': 'HIT',
21 silly get     'x-cache-hits': '1',
21 silly get     'x-timer': 'S1460417188.517216,VS0,VE0',
21 silly get     vary: 'Accept-Encoding' } ]
22 verbose etag https://registry.npmjs.org/jwt from cache
23 verbose get saving jwt to /Users/jovanimartinezrico/.npm/registry.npmjs.org/jwt/.cache.json
24 verbose correctMkdir /Users/jovanimartinezrico/.npm correctMkdir not in flight; initializing
25 silly install normalizeTree
26 silly loadCurrentTree Finishing
27 silly loadIdealTree Starting
28 silly install loadIdealTree
29 silly cloneCurrentTree Starting
30 silly install cloneCurrentTreeToIdealTree
31 silly cloneCurrentTree Finishing
32 silly loadShrinkwrap Starting
33 silly install loadShrinkwrap
34 silly loadShrinkwrap Finishing
35 silly loadAllDepsIntoIdealTree Starting
36 silly install loadAllDepsIntoIdealTree
37 silly resolveWithNewModule jwt@0.2.0 checking installable status
38 silly cache add args [ 'jwt', null ]
39 verbose cache add spec jwt
40 silly cache add parsed spec Result {
40 silly cache add   raw: 'jwt',
40 silly cache add   scope: null,
40 silly cache add   name: 'jwt',
40 silly cache add   rawSpec: '',
40 silly cache add   spec: 'latest',
40 silly cache add   type: 'tag' }
41 silly addNamed jwt@latest
42 verbose addNamed "latest" is being treated as a dist-tag for jwt
43 info addNameTag [ 'jwt', 'latest' ]
44 silly mapToRegistry name jwt
45 silly mapToRegistry using default registry
46 silly mapToRegistry registry https://registry.npmjs.org/
47 silly mapToRegistry uri https://registry.npmjs.org/jwt
48 verbose addNameTag registry:https://registry.npmjs.org/jwt not in flight; fetching
49 verbose get https://registry.npmjs.org/jwt not expired, no request
50 silly addNameTag next cb for jwt with tag latest
51 silly addNamed jwt@0.2.0
52 verbose addNamed "0.2.0" is a plain semver version for jwt
53 silly cache afterAdd jwt@0.2.0
54 verbose afterAdd /Users/jovanimartinezrico/.npm/jwt/0.2.0/package/package.json not in flight; writing
55 verbose correctMkdir /Users/jovanimartinezrico/.npm correctMkdir not in flight; initializing
56 verbose afterAdd /Users/jovanimartinezrico/.npm/jwt/0.2.0/package/package.json written
57 silly fetchNamedPackageData node-base64
58 silly mapToRegistry name node-base64
59 silly mapToRegistry using default registry
60 silly mapToRegistry registry https://registry.npmjs.org/
61 silly mapToRegistry uri https://registry.npmjs.org/node-base64
62 verbose request uri https://registry.npmjs.org/node-base64
63 verbose request no auth needed
64 info attempt registry request try #1 at 4:26:28 PM
65 verbose etag "59V2E1POWCLAQ5HP9T4R75FDK"
66 http request GET https://registry.npmjs.org/node-base64
67 http 304 https://registry.npmjs.org/node-base64
68 verbose headers { date: 'Mon, 11 Apr 2016 23:26:28 GMT',
68 verbose headers   via: '1.1 varnish',
68 verbose headers   'cache-control': 'max-age=300',
68 verbose headers   etag: '"59V2E1POWCLAQ5HP9T4R75FDK"',
68 verbose headers   age: '13',
68 verbose headers   connection: 'keep-alive',
68 verbose headers   'x-served-by': 'cache-ord1725-ORD',
68 verbose headers   'x-cache': 'HIT',
68 verbose headers   'x-cache-hits': '1',
68 verbose headers   'x-timer': 'S1460417188.905396,VS0,VE0',
68 verbose headers   vary: 'Accept-Encoding' }
69 silly get cb [ 304,
69 silly get   { date: 'Mon, 11 Apr 2016 23:26:28 GMT',
69 silly get     via: '1.1 varnish',
69 silly get     'cache-control': 'max-age=300',
69 silly get     etag: '"59V2E1POWCLAQ5HP9T4R75FDK"',
69 silly get     age: '13',
69 silly get     connection: 'keep-alive',
69 silly get     'x-served-by': 'cache-ord1725-ORD',
69 silly get     'x-cache': 'HIT',
69 silly get     'x-cache-hits': '1',
69 silly get     'x-timer': 'S1460417188.905396,VS0,VE0',
69 silly get     vary: 'Accept-Encoding' } ]
70 verbose etag https://registry.npmjs.org/node-base64 from cache
71 verbose get saving node-base64 to /Users/jovanimartinezrico/.npm/registry.npmjs.org/node-base64/.cache.json
72 verbose correctMkdir /Users/jovanimartinezrico/.npm correctMkdir not in flight; initializing
73 silly resolveWithNewModule node-base64@0.0.1 checking installable status
74 silly cache add args [ 'node-base64@0.0.1', null ]
75 verbose cache add spec node-base64@0.0.1
76 silly cache add parsed spec Result {
76 silly cache add   raw: 'node-base64@0.0.1',
76 silly cache add   scope: null,
76 silly cache add   name: 'node-base64',
76 silly cache add   rawSpec: '0.0.1',
76 silly cache add   spec: '0.0.1',
76 silly cache add   type: 'version' }
77 silly addNamed node-base64@0.0.1
78 verbose addNamed "0.0.1" is a plain semver version for node-base64
79 silly mapToRegistry name node-base64
80 silly mapToRegistry using default registry
81 silly mapToRegistry registry https://registry.npmjs.org/
82 silly mapToRegistry uri https://registry.npmjs.org/node-base64
83 verbose addNameVersion registry:https://registry.npmjs.org/node-base64 not in flight; fetching
84 verbose get https://registry.npmjs.org/node-base64 not expired, no request
85 silly cache afterAdd node-base64@0.0.1
86 verbose afterAdd /Users/jovanimartinezrico/.npm/node-base64/0.0.1/package/package.json not in flight; writing
87 verbose correctMkdir /Users/jovanimartinezrico/.npm correctMkdir not in flight; initializing
88 verbose afterAdd /Users/jovanimartinezrico/.npm/node-base64/0.0.1/package/package.json written
89 silly loadAllDepsIntoIdealTree Finishing
90 silly idealTree:prePrune ecommerce@0.1.0
90 silly idealTree:prePrune ├── accepts@1.2.13
90 silly idealTree:prePrune ├── ansi-regex@2.0.0
90 silly idealTree:prePrune ├── ansi-styles@2.2.1
90 silly idealTree:prePrune ├── array-flatten@1.1.1
90 silly idealTree:prePrune ├── asn1@0.2.3
90 silly idealTree:prePrune ├── assert-plus@0.2.0
90 silly idealTree:prePrune ├── async@1.5.2
90 silly idealTree:prePrune ├── aws-sign2@0.6.0
90 silly idealTree:prePrune ├── aws4@1.3.2
90 silly idealTree:prePrune ├── basic-auth@1.0.3
90 silly idealTree:prePrune ├── bignumber.js@2.1.4
90 silly idealTree:prePrune ├─┬ bl@1.1.2
90 silly idealTree:prePrune │ ├── isarray@1.0.0
90 silly idealTree:prePrune │ └── readable-stream@2.0.6
90 silly idealTree:prePrune ├── body-parser@1.15.0
90 silly idealTree:prePrune ├── boom@2.10.1
90 silly idealTree:prePrune ├── bytes@2.2.0
90 silly idealTree:prePrune ├── caseless@0.11.0
90 silly idealTree:prePrune ├── chalk@1.1.3
90 silly idealTree:prePrune ├── combined-stream@1.0.5
90 silly idealTree:prePrune ├── commander@2.9.0
90 silly idealTree:prePrune ├── content-disposition@0.5.1
90 silly idealTree:prePrune ├── content-type@1.0.1
90 silly idealTree:prePrune ├── cookie-signature@1.0.6
90 silly idealTree:prePrune ├── cookie@0.1.5
90 silly idealTree:prePrune ├── core-util-is@1.0.2
90 silly idealTree:prePrune ├── cryptiles@2.0.5
90 silly idealTree:prePrune ├─┬ dashdash@1.13.0
90 silly idealTree:prePrune │ └── assert-plus@1.0.0
90 silly idealTree:prePrune ├── debug@2.2.0
90 silly idealTree:prePrune ├── delayed-stream@1.0.0
90 silly idealTree:prePrune ├── depd@1.1.0
90 silly idealTree:prePrune ├── destroy@1.0.4
90 silly idealTree:prePrune ├── ecc-jsbn@0.1.1
90 silly idealTree:prePrune ├── ee-first@1.1.1
90 silly idealTree:prePrune ├── ejs@2.4.1
90 silly idealTree:prePrune ├── escape-html@1.0.3
90 silly idealTree:prePrune ├── escape-string-regexp@1.0.5
90 silly idealTree:prePrune ├── etag@1.7.0
90 silly idealTree:prePrune ├─┬ express@4.13.4
90 silly idealTree:prePrune │ └── qs@4.0.0
90 silly idealTree:prePrune ├── extend@3.0.0
90 silly idealTree:prePrune ├── extsprintf@1.0.2
90 silly idealTree:prePrune ├── finalhandler@0.4.1
90 silly idealTree:prePrune ├── forever-agent@0.6.1
90 silly idealTree:prePrune ├── form-data@1.0.0-rc4
90 silly idealTree:prePrune ├── forwarded@0.1.0
90 silly idealTree:prePrune ├── fresh@0.3.0
90 silly idealTree:prePrune ├── generate-function@2.0.0
90 silly idealTree:prePrune ├── generate-object-property@1.2.0
90 silly idealTree:prePrune ├── graceful-readlink@1.0.1
90 silly idealTree:prePrune ├── har-validator@2.0.6
90 silly idealTree:prePrune ├── has-ansi@2.0.0
90 silly idealTree:prePrune ├── hawk@3.1.3
90 silly idealTree:prePrune ├── hoek@2.16.3
90 silly idealTree:prePrune ├── http-errors@1.4.0
90 silly idealTree:prePrune ├── http-signature@1.1.1
90 silly idealTree:prePrune ├── iconv-lite@0.4.13
90 silly idealTree:prePrune ├── inherits@2.0.1
90 silly idealTree:prePrune ├── ipaddr.js@1.0.5
90 silly idealTree:prePrune ├── is-my-json-valid@2.13.1
90 silly idealTree:prePrune ├── is-property@1.0.2
90 silly idealTree:prePrune ├── is-typedarray@1.0.0
90 silly idealTree:prePrune ├── isarray@0.0.1
90 silly idealTree:prePrune ├── isstream@0.1.2
90 silly idealTree:prePrune ├── jodid25519@1.0.2
90 silly idealTree:prePrune ├── jsbn@0.1.0
90 silly idealTree:prePrune ├── json-schema@0.2.2
90 silly idealTree:prePrune ├── json-stringify-safe@5.0.1
90 silly idealTree:prePrune ├── jsonpointer@2.0.0
90 silly idealTree:prePrune ├── jsprim@1.2.2
90 silly idealTree:prePrune ├── jwt@0.2.0
90 silly idealTree:prePrune ├── lodash@2.4.2
90 silly idealTree:prePrune ├── lru-cache@4.0.1
90 silly idealTree:prePrune ├── media-typer@0.3.0
90 silly idealTree:prePrune ├── merge-descriptors@1.0.1
90 silly idealTree:prePrune ├── methods@1.1.2
90 silly idealTree:prePrune ├── mime-db@1.22.0
90 silly idealTree:prePrune ├── mime-types@2.1.10
90 silly idealTree:prePrune ├── mime@1.3.4
90 silly idealTree:prePrune ├── morgan@1.7.0
90 silly idealTree:prePrune ├── ms@0.7.1
90 silly idealTree:prePrune ├── mysql@2.10.2
90 silly idealTree:prePrune ├── negotiator@0.5.3
90 silly idealTree:prePrune ├── node-base64@0.0.1
90 silly idealTree:prePrune ├── node-uuid@1.4.7
90 silly idealTree:prePrune ├── oauth-sign@0.8.1
90 silly idealTree:prePrune ├── on-finished@2.3.0
90 silly idealTree:prePrune ├── on-headers@1.0.1
90 silly idealTree:prePrune ├── parseurl@1.3.1
90 silly idealTree:prePrune ├── path-to-regexp@0.1.7
90 silly idealTree:prePrune ├── pinkie-promise@2.0.0
90 silly idealTree:prePrune ├── pinkie@2.0.4
90 silly idealTree:prePrune ├── process-nextick-args@1.0.6
90 silly idealTree:prePrune ├── proxy-addr@1.0.10
90 silly idealTree:prePrune ├── pseudomap@1.0.2
90 silly idealTree:prePrune ├── qs@6.1.0
90 silly idealTree:prePrune ├── range-parser@1.0.3
90 silly idealTree:prePrune ├─┬ raw-body@2.1.6
90 silly idealTree:prePrune │ └── bytes@2.3.0
90 silly idealTree:prePrune ├── readable-stream@1.1.13
90 silly idealTree:prePrune ├── request@2.70.0
90 silly idealTree:prePrune ├─┬ send@0.13.1
90 silly idealTree:prePrune │ └── http-errors@1.3.1
90 silly idealTree:prePrune ├── serve-static@1.10.2
90 silly idealTree:prePrune ├── sntp@1.0.9
90 silly idealTree:prePrune ├── sshpk@1.7.4
90 silly idealTree:prePrune ├── statuses@1.2.1
90 silly idealTree:prePrune ├── string_decoder@0.10.31
90 silly idealTree:prePrune ├── stringstream@0.0.5
90 silly idealTree:prePrune ├── strip-ansi@3.0.1
90 silly idealTree:prePrune ├── supports-color@2.0.0
90 silly idealTree:prePrune ├── tough-cookie@2.2.2
90 silly idealTree:prePrune ├── tunnel-agent@0.4.2
90 silly idealTree:prePrune ├── tweetnacl@0.14.3
90 silly idealTree:prePrune ├── type-is@1.6.12
90 silly idealTree:prePrune ├── unpipe@1.0.0
90 silly idealTree:prePrune ├── util-deprecate@1.0.2
90 silly idealTree:prePrune ├── utils-merge@1.0.0
90 silly idealTree:prePrune ├── vary@1.0.1
90 silly idealTree:prePrune ├── verror@1.3.6
90 silly idealTree:prePrune ├── xtend@4.0.1
90 silly idealTree:prePrune └── yallist@2.0.0
91 silly loadIdealTree Finishing
92 silly currentTree ecommerce@0.1.0
92 silly currentTree ├── accepts@1.2.13
92 silly currentTree ├── ansi-regex@2.0.0
92 silly currentTree ├── ansi-styles@2.2.1
92 silly currentTree ├── array-flatten@1.1.1
92 silly currentTree ├── asn1@0.2.3
92 silly currentTree ├── assert-plus@0.2.0
92 silly currentTree ├── async@1.5.2
92 silly currentTree ├── aws-sign2@0.6.0
92 silly currentTree ├── aws4@1.3.2
92 silly currentTree ├── basic-auth@1.0.3
92 silly currentTree ├── bignumber.js@2.1.4
92 silly currentTree ├─┬ bl@1.1.2
92 silly currentTree │ ├── isarray@1.0.0
92 silly currentTree │ └── readable-stream@2.0.6
92 silly currentTree ├── body-parser@1.15.0
92 silly currentTree ├── boom@2.10.1
92 silly currentTree ├── bytes@2.2.0
92 silly currentTree ├── caseless@0.11.0
92 silly currentTree ├── chalk@1.1.3
92 silly currentTree ├── combined-stream@1.0.5
92 silly currentTree ├── commander@2.9.0
92 silly currentTree ├── content-disposition@0.5.1
92 silly currentTree ├── content-type@1.0.1
92 silly currentTree ├── cookie-signature@1.0.6
92 silly currentTree ├── cookie@0.1.5
92 silly currentTree ├── core-util-is@1.0.2
92 silly currentTree ├── cryptiles@2.0.5
92 silly currentTree ├─┬ dashdash@1.13.0
92 silly currentTree │ └── assert-plus@1.0.0
92 silly currentTree ├── debug@2.2.0
92 silly currentTree ├── delayed-stream@1.0.0
92 silly currentTree ├── depd@1.1.0
92 silly currentTree ├── destroy@1.0.4
92 silly currentTree ├── ecc-jsbn@0.1.1
92 silly currentTree ├── ee-first@1.1.1
92 silly currentTree ├── ejs@2.4.1
92 silly currentTree ├── escape-html@1.0.3
92 silly currentTree ├── escape-string-regexp@1.0.5
92 silly currentTree ├── etag@1.7.0
92 silly currentTree ├─┬ express@4.13.4
92 silly currentTree │ └── qs@4.0.0
92 silly currentTree ├── extend@3.0.0
92 silly currentTree ├── extsprintf@1.0.2
92 silly currentTree ├── finalhandler@0.4.1
92 silly currentTree ├── forever-agent@0.6.1
92 silly currentTree ├── form-data@1.0.0-rc4
92 silly currentTree ├── forwarded@0.1.0
92 silly currentTree ├── fresh@0.3.0
92 silly currentTree ├── generate-function@2.0.0
92 silly currentTree ├── generate-object-property@1.2.0
92 silly currentTree ├── graceful-readlink@1.0.1
92 silly currentTree ├── har-validator@2.0.6
92 silly currentTree ├── has-ansi@2.0.0
92 silly currentTree ├── hawk@3.1.3
92 silly currentTree ├── hoek@2.16.3
92 silly currentTree ├── http-errors@1.4.0
92 silly currentTree ├── http-signature@1.1.1
92 silly currentTree ├── iconv-lite@0.4.13
92 silly currentTree ├── inherits@2.0.1
92 silly currentTree ├── ipaddr.js@1.0.5
92 silly currentTree ├── is-my-json-valid@2.13.1
92 silly currentTree ├── is-property@1.0.2
92 silly currentTree ├── is-typedarray@1.0.0
92 silly currentTree ├── isarray@0.0.1
92 silly currentTree ├── isstream@0.1.2
92 silly currentTree ├── jodid25519@1.0.2
92 silly currentTree ├── jsbn@0.1.0
92 silly currentTree ├── json-schema@0.2.2
92 silly currentTree ├── json-stringify-safe@5.0.1
92 silly currentTree ├── jsonpointer@2.0.0
92 silly currentTree ├── jsprim@1.2.2
92 silly currentTree ├── lodash@2.4.2
92 silly currentTree ├── lru-cache@4.0.1
92 silly currentTree ├── media-typer@0.3.0
92 silly currentTree ├── merge-descriptors@1.0.1
92 silly currentTree ├── methods@1.1.2
92 silly currentTree ├── mime-db@1.22.0
92 silly currentTree ├── mime-types@2.1.10
92 silly currentTree ├── mime@1.3.4
92 silly currentTree ├── morgan@1.7.0
92 silly currentTree ├── ms@0.7.1
92 silly currentTree ├── mysql@2.10.2
92 silly currentTree ├── negotiator@0.5.3
92 silly currentTree ├── node-uuid@1.4.7
92 silly currentTree ├── oauth-sign@0.8.1
92 silly currentTree ├── on-finished@2.3.0
92 silly currentTree ├── on-headers@1.0.1
92 silly currentTree ├── parseurl@1.3.1
92 silly currentTree ├── path-to-regexp@0.1.7
92 silly currentTree ├── pinkie-promise@2.0.0
92 silly currentTree ├── pinkie@2.0.4
92 silly currentTree ├── process-nextick-args@1.0.6
92 silly currentTree ├── proxy-addr@1.0.10
92 silly currentTree ├── pseudomap@1.0.2
92 silly currentTree ├── qs@6.1.0
92 silly currentTree ├── range-parser@1.0.3
92 silly currentTree ├─┬ raw-body@2.1.6
92 silly currentTree │ └── bytes@2.3.0
92 silly currentTree ├── readable-stream@1.1.13
92 silly currentTree ├── request@2.70.0
92 silly currentTree ├─┬ send@0.13.1
92 silly currentTree │ └── http-errors@1.3.1
92 silly currentTree ├── serve-static@1.10.2
92 silly currentTree ├── sntp@1.0.9
92 silly currentTree ├── sshpk@1.7.4
92 silly currentTree ├── statuses@1.2.1
92 silly currentTree ├── string_decoder@0.10.31
92 silly currentTree ├── stringstream@0.0.5
92 silly currentTree ├── strip-ansi@3.0.1
92 silly currentTree ├── supports-color@2.0.0
92 silly currentTree ├── tough-cookie@2.2.2
92 silly currentTree ├── tunnel-agent@0.4.2
92 silly currentTree ├── tweetnacl@0.14.3
92 silly currentTree ├── type-is@1.6.12
92 silly currentTree ├── unpipe@1.0.0
92 silly currentTree ├── util-deprecate@1.0.2
92 silly currentTree ├── utils-merge@1.0.0
92 silly currentTree ├── vary@1.0.1
92 silly currentTree ├── verror@1.3.6
92 silly currentTree ├── xtend@4.0.1
92 silly currentTree └── yallist@2.0.0
93 silly idealTree ecommerce@0.1.0
93 silly idealTree ├── accepts@1.2.13
93 silly idealTree ├── ansi-regex@2.0.0
93 silly idealTree ├── ansi-styles@2.2.1
93 silly idealTree ├── array-flatten@1.1.1
93 silly idealTree ├── asn1@0.2.3
93 silly idealTree ├── assert-plus@0.2.0
93 silly idealTree ├── async@1.5.2
93 silly idealTree ├── aws-sign2@0.6.0
93 silly idealTree ├── aws4@1.3.2
93 silly idealTree ├── basic-auth@1.0.3
93 silly idealTree ├── bignumber.js@2.1.4
93 silly idealTree ├─┬ bl@1.1.2
93 silly idealTree │ ├── isarray@1.0.0
93 silly idealTree │ └── readable-stream@2.0.6
93 silly idealTree ├── body-parser@1.15.0
93 silly idealTree ├── boom@2.10.1
93 silly idealTree ├── bytes@2.2.0
93 silly idealTree ├── caseless@0.11.0
93 silly idealTree ├── chalk@1.1.3
93 silly idealTree ├── combined-stream@1.0.5
93 silly idealTree ├── commander@2.9.0
93 silly idealTree ├── content-disposition@0.5.1
93 silly idealTree ├── content-type@1.0.1
93 silly idealTree ├── cookie-signature@1.0.6
93 silly idealTree ├── cookie@0.1.5
93 silly idealTree ├── core-util-is@1.0.2
93 silly idealTree ├── cryptiles@2.0.5
93 silly idealTree ├─┬ dashdash@1.13.0
93 silly idealTree │ └── assert-plus@1.0.0
93 silly idealTree ├── debug@2.2.0
93 silly idealTree ├── delayed-stream@1.0.0
93 silly idealTree ├── depd@1.1.0
93 silly idealTree ├── destroy@1.0.4
93 silly idealTree ├── ecc-jsbn@0.1.1
93 silly idealTree ├── ee-first@1.1.1
93 silly idealTree ├── ejs@2.4.1
93 silly idealTree ├── escape-html@1.0.3
93 silly idealTree ├── escape-string-regexp@1.0.5
93 silly idealTree ├── etag@1.7.0
93 silly idealTree ├─┬ express@4.13.4
93 silly idealTree │ └── qs@4.0.0
93 silly idealTree ├── extend@3.0.0
93 silly idealTree ├── extsprintf@1.0.2
93 silly idealTree ├── finalhandler@0.4.1
93 silly idealTree ├── forever-agent@0.6.1
93 silly idealTree ├── form-data@1.0.0-rc4
93 silly idealTree ├── forwarded@0.1.0
93 silly idealTree ├── fresh@0.3.0
93 silly idealTree ├── generate-function@2.0.0
93 silly idealTree ├── generate-object-property@1.2.0
93 silly idealTree ├── graceful-readlink@1.0.1
93 silly idealTree ├── har-validator@2.0.6
93 silly idealTree ├── has-ansi@2.0.0
93 silly idealTree ├── hawk@3.1.3
93 silly idealTree ├── hoek@2.16.3
93 silly idealTree ├── http-errors@1.4.0
93 silly idealTree ├── http-signature@1.1.1
93 silly idealTree ├── iconv-lite@0.4.13
93 silly idealTree ├── inherits@2.0.1
93 silly idealTree ├── ipaddr.js@1.0.5
93 silly idealTree ├── is-my-json-valid@2.13.1
93 silly idealTree ├── is-property@1.0.2
93 silly idealTree ├── is-typedarray@1.0.0
93 silly idealTree ├── isarray@0.0.1
93 silly idealTree ├── isstream@0.1.2
93 silly idealTree ├── jodid25519@1.0.2
93 silly idealTree ├── jsbn@0.1.0
93 silly idealTree ├── json-schema@0.2.2
93 silly idealTree ├── json-stringify-safe@5.0.1
93 silly idealTree ├── jsonpointer@2.0.0
93 silly idealTree ├── jsprim@1.2.2
93 silly idealTree ├── jwt@0.2.0
93 silly idealTree ├── lodash@2.4.2
93 silly idealTree ├── lru-cache@4.0.1
93 silly idealTree ├── media-typer@0.3.0
93 silly idealTree ├── merge-descriptors@1.0.1
93 silly idealTree ├── methods@1.1.2
93 silly idealTree ├── mime-db@1.22.0
93 silly idealTree ├── mime-types@2.1.10
93 silly idealTree ├── mime@1.3.4
93 silly idealTree ├── morgan@1.7.0
93 silly idealTree ├── ms@0.7.1
93 silly idealTree ├── mysql@2.10.2
93 silly idealTree ├── negotiator@0.5.3
93 silly idealTree ├── node-base64@0.0.1
93 silly idealTree ├── node-uuid@1.4.7
93 silly idealTree ├── oauth-sign@0.8.1
93 silly idealTree ├── on-finished@2.3.0
93 silly idealTree ├── on-headers@1.0.1
93 silly idealTree ├── parseurl@1.3.1
93 silly idealTree ├── path-to-regexp@0.1.7
93 silly idealTree ├── pinkie-promise@2.0.0
93 silly idealTree ├── pinkie@2.0.4
93 silly idealTree ├── process-nextick-args@1.0.6
93 silly idealTree ├── proxy-addr@1.0.10
93 silly idealTree ├── pseudomap@1.0.2
93 silly idealTree ├── qs@6.1.0
93 silly idealTree ├── range-parser@1.0.3
93 silly idealTree ├─┬ raw-body@2.1.6
93 silly idealTree │ └── bytes@2.3.0
93 silly idealTree ├── readable-stream@1.1.13
93 silly idealTree ├── request@2.70.0
93 silly idealTree ├─┬ send@0.13.1
93 silly idealTree │ └── http-errors@1.3.1
93 silly idealTree ├── serve-static@1.10.2
93 silly idealTree ├── sntp@1.0.9
93 silly idealTree ├── sshpk@1.7.4
93 silly idealTree ├── statuses@1.2.1
93 silly idealTree ├── string_decoder@0.10.31
93 silly idealTree ├── stringstream@0.0.5
93 silly idealTree ├── strip-ansi@3.0.1
93 silly idealTree ├── supports-color@2.0.0
93 silly idealTree ├── tough-cookie@2.2.2
93 silly idealTree ├── tunnel-agent@0.4.2
93 silly idealTree ├── tweetnacl@0.14.3
93 silly idealTree ├── type-is@1.6.12
93 silly idealTree ├── unpipe@1.0.0
93 silly idealTree ├── util-deprecate@1.0.2
93 silly idealTree ├── utils-merge@1.0.0
93 silly idealTree ├── vary@1.0.1
93 silly idealTree ├── verror@1.3.6
93 silly idealTree ├── xtend@4.0.1
93 silly idealTree └── yallist@2.0.0
94 silly generateActionsToTake Starting
95 silly install generateActionsToTake
96 silly generateActionsToTake Finishing
97 silly diffTrees action count 2
98 silly diffTrees add node-base64@0.0.1
99 silly diffTrees add jwt@0.2.0
100 silly decomposeActions action count 16
101 silly decomposeActions fetch node-base64@0.0.1
102 silly decomposeActions extract node-base64@0.0.1
103 silly decomposeActions test node-base64@0.0.1
104 silly decomposeActions preinstall node-base64@0.0.1
105 silly decomposeActions build node-base64@0.0.1
106 silly decomposeActions install node-base64@0.0.1
107 silly decomposeActions postinstall node-base64@0.0.1
108 silly decomposeActions finalize node-base64@0.0.1
109 silly decomposeActions fetch jwt@0.2.0
110 silly decomposeActions extract jwt@0.2.0
111 silly decomposeActions test jwt@0.2.0
112 silly decomposeActions preinstall jwt@0.2.0
113 silly decomposeActions build jwt@0.2.0
114 silly decomposeActions install jwt@0.2.0
115 silly decomposeActions postinstall jwt@0.2.0
116 silly decomposeActions finalize jwt@0.2.0
117 silly executeActions Starting
118 silly install executeActions
119 silly doSerial global-install 0
120 silly doParallel fetch 2
121 verbose correctMkdir /Users/jovanimartinezrico/.npm/_locks correctMkdir not in flight; initializing
122 verbose lock using /Users/jovanimartinezrico/.npm/_locks/staging-b2d27076e9cc8be0.lock for /Users/jovanimartinezrico/Documents/HackReactor/E-CommerceBranch/e-commerce/node_modules/.staging
123 silly doParallel extract 2
124 silly extract node-base64@0.0.1
125 silly extract jwt@0.2.0
126 verbose unbuild node_modules/.staging/jwt-fba053b9
127 verbose unbuild node_modules/.staging/node-base64-f83c7454
128 silly gentlyRm /Users/jovanimartinezrico/Documents/HackReactor/E-CommerceBranch/e-commerce/node_modules/.staging/jwt-fba053b9 is being purged from base /Users/jovanimartinezrico/Documents/HackReactor/E-CommerceBranch/e-commerce
129 verbose gentlyRm don't care about contents; nuking /Users/jovanimartinezrico/Documents/HackReactor/E-CommerceBranch/e-commerce/node_modules/.staging/jwt-fba053b9
130 silly gentlyRm /Users/jovanimartinezrico/Documents/HackReactor/E-CommerceBranch/e-commerce/node_modules/.staging/node-base64-f83c7454 is being purged from base /Users/jovanimartinezrico/Documents/HackReactor/E-CommerceBranch/e-commerce
131 verbose gentlyRm don't care about contents; nuking /Users/jovanimartinezrico/Documents/HackReactor/E-CommerceBranch/e-commerce/node_modules/.staging/node-base64-f83c7454
132 verbose tar unpack /Users/jovanimartinezrico/.npm/jwt/0.2.0/package.tgz
133 verbose tar unpacking to /Users/jovanimartinezrico/Documents/HackReactor/E-CommerceBranch/e-commerce/node_modules/.staging/jwt-fba053b9
134 silly gentlyRm /Users/jovanimartinezrico/Documents/HackReactor/E-CommerceBranch/e-commerce/node_modules/.staging/jwt-fba053b9 is being purged
135 verbose gentlyRm don't care about contents; nuking /Users/jovanimartinezrico/Documents/HackReactor/E-CommerceBranch/e-commerce/node_modules/.staging/jwt-fba053b9
136 verbose tar unpack /Users/jovanimartinezrico/.npm/node-base64/0.0.1/package.tgz
137 verbose tar unpacking to /Users/jovanimartinezrico/Documents/HackReactor/E-CommerceBranch/e-commerce/node_modules/.staging/node-base64-f83c7454
138 silly gentlyRm /Users/jovanimartinezrico/Documents/HackReactor/E-CommerceBranch/e-commerce/node_modules/.staging/node-base64-f83c7454 is being purged
139 verbose gentlyRm don't care about contents; nuking /Users/jovanimartinezrico/Documents/HackReactor/E-CommerceBranch/e-commerce/node_modules/.staging/node-base64-f83c7454
140 silly gunzTarPerm modes [ '755', '644' ]
141 silly gunzTarPerm modes [ '755', '644' ]
142 silly gunzTarPerm extractEntry .npmignore
143 silly gunzTarPerm extractEntry
144 silly gunzTarPerm extractEntry lib/
145 silly gunzTarPerm extractEntry lib/jwt.js
146 silly gunzTarPerm extractEntry .gitignore
147 silly gunzTarPerm extractEntry base64.cc
148 silly gunzTarPerm extractEntry install.sh
149 silly gunzTarPerm extractEntry js_base64_for_comparsion.js
150 silly gunzTarPerm extractEntry makefile
151 silly gunzTarPerm extractEntry package.json
152 silly gunzTarPerm extractEntry README.md
153 silly gunzTarPerm extractEntry package.json
154 silly gunzTarPerm extractEntry README.md
155 silly gunzTarPerm extractEntry test.js
156 silly gunzTarPerm extractEntry test.php
157 silly gunzTarPerm extractEntry wscript
158 silly gentlyRm /Users/jovanimartinezrico/Documents/HackReactor/E-CommerceBranch/e-commerce/node_modules/.staging/jwt-fba053b9/node_modules is being purged
159 verbose gentlyRm don't care about contents; nuking /Users/jovanimartinezrico/Documents/HackReactor/E-CommerceBranch/e-commerce/node_modules/.staging/jwt-fba053b9/node_modules
160 silly gentlyRm /Users/jovanimartinezrico/Documents/HackReactor/E-CommerceBranch/e-commerce/node_modules/.staging/node-base64-f83c7454/node_modules is being purged
161 verbose gentlyRm don't care about contents; nuking /Users/jovanimartinezrico/Documents/HackReactor/E-CommerceBranch/e-commerce/node_modules/.staging/node-base64-f83c7454/node_modules
162 silly doParallel preinstall 2
163 silly preinstall node-base64@0.0.1 /Users/jovanimartinezrico/Documents/HackReactor/E-CommerceBranch/e-commerce/node_modules/.staging/node-base64-f83c7454
164 info lifecycle node-base64@0.0.1~preinstall: node-base64@0.0.1
165 silly preinstall jwt@0.2.0 /Users/jovanimartinezrico/Documents/HackReactor/E-CommerceBranch/e-commerce/node_modules/.staging/jwt-fba053b9
166 info lifecycle jwt@0.2.0~preinstall: jwt@0.2.0
167 silly lifecycle node-base64@0.0.1~preinstall: no script for preinstall, continuing
168 silly lifecycle jwt@0.2.0~preinstall: no script for preinstall, continuing
169 silly doReverseSerial remove 0
170 silly doSerial move 0
171 silly doSerial finalize 2
172 silly finalize /Users/jovanimartinezrico/Documents/HackReactor/E-CommerceBranch/e-commerce/node_modules/node-base64
173 silly finalize /Users/jovanimartinezrico/Documents/HackReactor/E-CommerceBranch/e-commerce/node_modules/jwt
174 silly doSerial build 2
175 silly build node-base64@0.0.1
176 info linkStuff node-base64@0.0.1
177 silly linkStuff node-base64@0.0.1 has /Users/jovanimartinezrico/Documents/HackReactor/E-CommerceBranch/e-commerce/node_modules as its parent node_modules
178 verbose linkBins node-base64@0.0.1
179 verbose linkMans node-base64@0.0.1
180 silly build jwt@0.2.0
181 info linkStuff jwt@0.2.0
182 silly linkStuff jwt@0.2.0 has /Users/jovanimartinezrico/Documents/HackReactor/E-CommerceBranch/e-commerce/node_modules as its parent node_modules
183 verbose linkBins jwt@0.2.0
184 verbose linkMans jwt@0.2.0
185 silly doSerial global-link 0
186 silly doParallel update-linked 0
187 silly doSerial install 2
188 silly install node-base64@0.0.1 /Users/jovanimartinezrico/Documents/HackReactor/E-CommerceBranch/e-commerce/node_modules/.staging/node-base64-f83c7454
189 info lifecycle node-base64@0.0.1~install: node-base64@0.0.1
190 verbose lifecycle node-base64@0.0.1~install: unsafe-perm in lifecycle false
191 verbose lifecycle node-base64@0.0.1~install: PATH: /usr/local/lib/node_modules/npm/bin/node-gyp-bin:/Users/jovanimartinezrico/Documents/HackReactor/E-CommerceBranch/e-commerce/node_modules/node-base64/node_modules/.bin:/Users/jovanimartinezrico/Documents/HackReactor/E-CommerceBranch/e-commerce/node_modules/.bin:/usr/local/bin:/usr/local/bin:/usr/bin:/bin:/usr/sbin:/sbin
192 verbose lifecycle node-base64@0.0.1~install: CWD: /Users/jovanimartinezrico/Documents/HackReactor/E-CommerceBranch/e-commerce/node_modules/node-base64
193 silly lifecycle node-base64@0.0.1~install: Args: [ '-c', './install.sh' ]
194 info lifecycle node-base64@0.0.1~install: Failed to exec install script
195 verbose unlock done using /Users/jovanimartinezrico/.npm/_locks/staging-b2d27076e9cc8be0.lock for /Users/jovanimartinezrico/Documents/HackReactor/E-CommerceBranch/e-commerce/node_modules/.staging
196 silly rollbackFailedOptional Starting
197 silly rollbackFailedOptional Finishing
198 silly runTopLevelLifecycles Starting
199 silly runTopLevelLifecycles Finishing
200 silly install printInstalled
201 verbose stack Error: node-base64@0.0.1 install: `./install.sh`
201 verbose stack spawn ENOENT
201 verbose stack     at ChildProcess.<anonymous> (/usr/local/lib/node_modules/npm/lib/utils/spawn.js:17:16)
201 verbose stack     at emitTwo (events.js:100:13)
201 verbose stack     at ChildProcess.emit (events.js:185:7)
201 verbose stack     at maybeClose (internal/child_process.js:850:16)
201 verbose stack     at Process.ChildProcess._handle.onexit (internal/child_process.js:215:5)
202 verbose pkgid node-base64@0.0.1
203 verbose cwd /Users/jovanimartinezrico/Documents/HackReactor/E-CommerceBranch/e-commerce/server
204 error Darwin 15.4.0
205 error argv "/usr/local/bin/node" "/usr/local/bin/npm" "install" "jwt" "--save"
206 error node v5.8.0
207 error npm  v3.7.3
208 error file sh
209 error code ELIFECYCLE
210 error errno ENOENT
211 error syscall spawn
212 error node-base64@0.0.1 install: `./install.sh`
212 error spawn ENOENT
213 error Failed at the node-base64@0.0.1 install script './install.sh'.
213 error Make sure you have the latest version of node.js and npm installed.
213 error If you do, this is most likely a problem with the node-base64 package,
213 error not with npm itself.
213 error Tell the author that this fails on your system:
213 error     ./install.sh
213 error You can get information on how to open an issue for this project with:
213 error     npm bugs node-base64
213 error Or if that isn't available, you can get their info via:
213 error     npm owner ls node-base64
213 error There is likely additional logging output above.
214 verbose exit [ 1, true ]
